<?xml version="1.0" encoding="utf-8"?><testsuites><testsuite name="pytest" errors="0" failures="2" skipped="0" tests="7" time="5.282" timestamp="2024-07-23T21:09:19.928002" hostname="DESKTOP-5KB2LCM"><testcase classname="tests.test_auth" name="test_auth_success" time="0.907" /><testcase classname="tests.test_auth" name="test_auth_failure" time="0.679" /><testcase classname="tests.test_create_booking" name="test_create_booking_success" time="0.662" /><testcase classname="tests.test_create_booking" name="test_create_booking_failure" time="0.659"><failure message="assert 200 == 400&#10; +  where 200 = &lt;Response [200]&gt;.status_code">tests\test_create_booking.py:34: in test_create_booking_failure
    assert response.status_code == 400
E   assert 200 == 400
E    +  where 200 = &lt;Response [200]&gt;.status_code</failure></testcase><testcase classname="tests.test_create_booking" name="test_create_booking_failure_missing_field" time="0.666"><failure message="assert 500 == 400&#10; +  where 500 = &lt;Response [500]&gt;.status_code">tests\test_create_booking.py:49: in test_create_booking_failure_missing_field
    assert response.status_code == 400
E   assert 500 == 400
E    +  where 500 = &lt;Response [500]&gt;.status_code</failure></testcase><testcase classname="tests.test_get_booking" name="test_get_booking_success" time="0.660" /><testcase classname="tests.test_get_booking" name="test_get_booking_failure" time="0.663" /></testsuite></testsuites>